Running on host node006
Time is Ter Abr 16 22:44:16 -03 2019
Directory is /home/david/git-repos/ann_training
Slurm job ID is 5361
This job runs on the following machines:
node006
Running /home/david/vp368cpu/bin/python /home/david/git-repos/ann_training/main_ann_13.py
Using TensorFlow backend.
WARNING:tensorflow:From /home/david/vp368cpu/lib/python3.6/site-packages/tensorflow/python/framework/op_def_library.py:263: colocate_with (from tensorflow.python.framework.ops) is deprecated and will be removed in a future version.
Instructions for updating:
Colocations handled automatically by placer.
16/04/2019 22:44:27 - From /home/david/vp368cpu/lib/python3.6/site-packages/tensorflow/python/framework/op_def_library.py:263: colocate_with (from tensorflow.python.framework.ops) is deprecated and will be removed in a future version.
Instructions for updating:
Colocations handled automatically by placer.
WARNING:tensorflow:From /home/david/vp368cpu/lib/python3.6/site-packages/tensorflow/python/ops/math_ops.py:3066: to_int32 (from tensorflow.python.ops.math_ops) is deprecated and will be removed in a future version.
Instructions for updating:
Use tf.cast instead.
16/04/2019 22:44:27 - From /home/david/vp368cpu/lib/python3.6/site-packages/tensorflow/python/ops/math_ops.py:3066: to_int32 (from tensorflow.python.ops.math_ops) is deprecated and will be removed in a future version.
Instructions for updating:
Use tf.cast instead.
2019-04-16 22:44:27.591141: I tensorflow/core/platform/profile_utils/cpu_utils.cc:94] CPU Frequency: 2199915000 Hz
2019-04-16 22:44:27.592211: I tensorflow/compiler/xla/service/service.cc:150] XLA service 0x706fd60 executing computations on platform Host. Devices:
2019-04-16 22:44:27.592251: I tensorflow/compiler/xla/service/service.cc:158]   StreamExecutor device (0): <undefined>, <undefined>
