Running on host node004
Time is Ter Abr 23 13:30:44 -03 2019
Directory is /home/david/git-repos/ann_training
Slurm job ID is 5400
This job runs on the following machines:
node004
Running /home/david/vp368cpu/bin/python /home/david/git-repos/ann_training/main_ann_36.py
Using TensorFlow backend.
WARNING:tensorflow:From /home/david/vp368cpu/lib/python3.6/site-packages/tensorflow/python/ops/control_flow_ops.py:423: colocate_with (from tensorflow.python.framework.ops) is deprecated and will be removed in a future version.
Instructions for updating:
Colocations handled automatically by placer.
23/04/2019 13:31:22 - From /home/david/vp368cpu/lib/python3.6/site-packages/tensorflow/python/ops/control_flow_ops.py:423: colocate_with (from tensorflow.python.framework.ops) is deprecated and will be removed in a future version.
Instructions for updating:
Colocations handled automatically by placer.
WARNING:tensorflow:From /home/david/vp368cpu/lib/python3.6/site-packages/tensorflow/python/ops/math_ops.py:3066: to_int32 (from tensorflow.python.ops.math_ops) is deprecated and will be removed in a future version.
Instructions for updating:
Use tf.cast instead.
23/04/2019 13:31:22 - From /home/david/vp368cpu/lib/python3.6/site-packages/tensorflow/python/ops/math_ops.py:3066: to_int32 (from tensorflow.python.ops.math_ops) is deprecated and will be removed in a future version.
Instructions for updating:
Use tf.cast instead.
2019-04-23 13:31:22.511951: I tensorflow/core/platform/profile_utils/cpu_utils.cc:94] CPU Frequency: 2200180000 Hz
2019-04-23 13:31:22.513175: I tensorflow/compiler/xla/service/service.cc:150] XLA service 0x719a140 executing computations on platform Host. Devices:
2019-04-23 13:31:22.513215: I tensorflow/compiler/xla/service/service.cc:158]   StreamExecutor device (0): <undefined>, <undefined>
23/04/2019 14:24:05 - update_title_pos
23/04/2019 14:24:05 - findfont: Matching :family=sans-serif:style=normal:variant=normal:weight=normal:stretch=normal:size=10.0 to DejaVu Sans ('/home/david/vp368cpu/lib/python3.6/site-packages/matplotlib/mpl-data/fonts/ttf/DejaVuSans.ttf') with score of 0.050000.
23/04/2019 14:24:05 - findfont: Matching :family=STIXGeneral:style=normal:variant=normal:weight=normal:stretch=normal:size=10.0 to STIXGeneral ('/home/david/vp368cpu/lib/python3.6/site-packages/matplotlib/mpl-data/fonts/ttf/STIXGeneral.ttf') with score of 0.050000.
23/04/2019 14:24:05 - findfont: Matching :family=STIXGeneral:style=italic:variant=normal:weight=normal:stretch=normal:size=10.0 to STIXGeneral ('/home/david/vp368cpu/lib/python3.6/site-packages/matplotlib/mpl-data/fonts/ttf/STIXGeneralItalic.ttf') with score of 0.050000.
23/04/2019 14:24:05 - findfont: Matching :family=STIXGeneral:style=normal:variant=normal:weight=bold:stretch=normal:size=10.0 to STIXGeneral ('/home/david/vp368cpu/lib/python3.6/site-packages/matplotlib/mpl-data/fonts/ttf/STIXGeneralBol.ttf') with score of 0.000000.
23/04/2019 14:24:05 - findfont: Matching :family=STIXNonUnicode:style=normal:variant=normal:weight=normal:stretch=normal:size=10.0 to STIXNonUnicode ('/home/david/vp368cpu/lib/python3.6/site-packages/matplotlib/mpl-data/fonts/ttf/STIXNonUni.ttf') with score of 0.050000.
23/04/2019 14:24:05 - findfont: Matching :family=STIXNonUnicode:style=italic:variant=normal:weight=normal:stretch=normal:size=10.0 to STIXNonUnicode ('/home/david/vp368cpu/lib/python3.6/site-packages/matplotlib/mpl-data/fonts/ttf/STIXNonUniIta.ttf') with score of 0.050000.
23/04/2019 14:24:05 - findfont: Matching :family=STIXNonUnicode:style=normal:variant=normal:weight=bold:stretch=normal:size=10.0 to STIXNonUnicode ('/home/david/vp368cpu/lib/python3.6/site-packages/matplotlib/mpl-data/fonts/ttf/STIXNonUniBol.ttf') with score of 0.000000.
23/04/2019 14:24:05 - findfont: Matching :family=STIXSizeOneSym:style=normal:variant=normal:weight=normal:stretch=normal:size=10.0 to STIXSizeOneSym ('/home/david/vp368cpu/lib/python3.6/site-packages/matplotlib/mpl-data/fonts/ttf/STIXSizOneSymReg.ttf') with score of 0.050000.
23/04/2019 14:24:05 - findfont: Matching :family=STIXSizeTwoSym:style=normal:variant=normal:weight=normal:stretch=normal:size=10.0 to STIXSizeTwoSym ('/home/david/vp368cpu/lib/python3.6/site-packages/matplotlib/mpl-data/fonts/ttf/STIXSizTwoSymReg.ttf') with score of 0.050000.
23/04/2019 14:24:05 - findfont: Matching :family=STIXSizeThreeSym:style=normal:variant=normal:weight=normal:stretch=normal:size=10.0 to STIXSizeThreeSym ('/home/david/vp368cpu/lib/python3.6/site-packages/matplotlib/mpl-data/fonts/ttf/STIXSizThreeSymReg.ttf') with score of 0.050000.
23/04/2019 14:24:05 - findfont: Matching :family=STIXSizeFourSym:style=normal:variant=normal:weight=normal:stretch=normal:size=10.0 to STIXSizeFourSym ('/home/david/vp368cpu/lib/python3.6/site-packages/matplotlib/mpl-data/fonts/ttf/STIXSizFourSymReg.ttf') with score of 0.050000.
23/04/2019 14:24:05 - findfont: Matching :family=STIXSizeFiveSym:style=normal:variant=normal:weight=normal:stretch=normal:size=10.0 to STIXSizeFiveSym ('/home/david/vp368cpu/lib/python3.6/site-packages/matplotlib/mpl-data/fonts/ttf/STIXSizFiveSymReg.ttf') with score of 0.050000.
23/04/2019 14:24:05 - findfont: Matching :family=cmsy10:style=normal:variant=normal:weight=normal:stretch=normal:size=10.0 to cmsy10 ('/home/david/vp368cpu/lib/python3.6/site-packages/matplotlib/mpl-data/fonts/ttf/cmsy10.ttf') with score of 0.050000.
23/04/2019 14:24:05 - findfont: Matching :family=cmr10:style=normal:variant=normal:weight=normal:stretch=normal:size=10.0 to cmr10 ('/home/david/vp368cpu/lib/python3.6/site-packages/matplotlib/mpl-data/fonts/ttf/cmr10.ttf') with score of 0.050000.
23/04/2019 14:24:05 - findfont: Matching :family=cmtt10:style=normal:variant=normal:weight=normal:stretch=normal:size=10.0 to cmtt10 ('/home/david/vp368cpu/lib/python3.6/site-packages/matplotlib/mpl-data/fonts/ttf/cmtt10.ttf') with score of 0.050000.
23/04/2019 14:24:05 - findfont: Matching :family=cmmi10:style=normal:variant=normal:weight=normal:stretch=normal:size=10.0 to cmmi10 ('/home/david/vp368cpu/lib/python3.6/site-packages/matplotlib/mpl-data/fonts/ttf/cmmi10.ttf') with score of 0.050000.
23/04/2019 14:24:05 - findfont: Matching :family=cmb10:style=normal:variant=normal:weight=normal:stretch=normal:size=10.0 to cmb10 ('/home/david/vp368cpu/lib/python3.6/site-packages/matplotlib/mpl-data/fonts/ttf/cmb10.ttf') with score of 0.050000.
23/04/2019 14:24:05 - findfont: Matching :family=cmss10:style=normal:variant=normal:weight=normal:stretch=normal:size=10.0 to cmss10 ('/home/david/vp368cpu/lib/python3.6/site-packages/matplotlib/mpl-data/fonts/ttf/cmss10.ttf') with score of 0.050000.
23/04/2019 14:24:05 - findfont: Matching :family=cmex10:style=normal:variant=normal:weight=normal:stretch=normal:size=10.0 to cmex10 ('/home/david/vp368cpu/lib/python3.6/site-packages/matplotlib/mpl-data/fonts/ttf/cmex10.ttf') with score of 0.050000.
23/04/2019 14:24:05 - findfont: Matching :family=DejaVu Sans:style=normal:variant=normal:weight=normal:stretch=normal:size=10.0 to DejaVu Sans ('/home/david/vp368cpu/lib/python3.6/site-packages/matplotlib/mpl-data/fonts/ttf/DejaVuSans.ttf') with score of 0.050000.
23/04/2019 14:24:05 - findfont: Matching :family=DejaVu Sans:style=italic:variant=normal:weight=normal:stretch=normal:size=10.0 to DejaVu Sans ('/home/david/vp368cpu/lib/python3.6/site-packages/matplotlib/mpl-data/fonts/ttf/DejaVuSans-Oblique.ttf') with score of 0.150000.
23/04/2019 14:24:05 - findfont: Matching :family=DejaVu Sans:style=normal:variant=normal:weight=bold:stretch=normal:size=10.0 to DejaVu Sans ('/home/david/vp368cpu/lib/python3.6/site-packages/matplotlib/mpl-data/fonts/ttf/DejaVuSans-Bold.ttf') with score of 0.000000.
23/04/2019 14:24:05 - findfont: Matching :family=DejaVu Sans Mono:style=normal:variant=normal:weight=normal:stretch=normal:size=10.0 to DejaVu Sans Mono ('/home/david/vp368cpu/lib/python3.6/site-packages/matplotlib/mpl-data/fonts/ttf/DejaVuSansMono.ttf') with score of 0.050000.
23/04/2019 14:24:05 - findfont: Matching :family=DejaVu Sans Display:style=normal:variant=normal:weight=normal:stretch=normal:size=10.0 to DejaVu Sans Display ('/home/david/vp368cpu/lib/python3.6/site-packages/matplotlib/mpl-data/fonts/ttf/DejaVuSansDisplay.ttf') with score of 0.050000.
23/04/2019 14:24:05 - update_title_pos
23/04/2019 14:26:55 - update_title_pos
23/04/2019 14:26:55 - update_title_pos
23/04/2019 14:26:57 - update_title_pos
23/04/2019 14:26:57 - update_title_pos
23/04/2019 14:26:57 - update_title_pos
23/04/2019 14:26:57 - vmin 0.14658228771085377 vmax 136.44213303214184
23/04/2019 14:26:57 - ticklocs array([1.e-02, 1.e-01, 1.e+00, 1.e+01, 1.e+02, 1.e+03, 1.e+04])
23/04/2019 14:26:57 - vmin 0.14658228771085377 vmax 136.44213303214184
23/04/2019 14:26:57 - ticklocs [0.02, 0.03, 0.04, 0.05, 0.06, 0.07, 0.08, 0.09, 0.2, 0.30000000000000004, 0.4, 0.5, 0.6000000000000001, 0.7000000000000001, 0.8, 0.9, 2.0, 3.0, 4.0, 5.0, 6.0, 7.0, 8.0, 9.0, 20.0, 30.0, 40.0, 50.0, 60.0, 70.0, 80.0, 90.0, 200.0, 300.0, 400.0, 500.0, 600.0, 700.0, 800.0, 900.0, 2000.0, 3000.0, 4000.0, 5000.0, 6000.0, 7000.0, 8000.0, 9000.0, 20000.0, 30000.0, 40000.0, 50000.0, 60000.0, 70000.0, 80000.0, 90000.0]
23/04/2019 14:26:58 - vmin 0.14658228771085377 vmax 136.44213303214184
23/04/2019 14:26:58 - ticklocs array([1.e-02, 1.e-01, 1.e+00, 1.e+01, 1.e+02, 1.e+03, 1.e+04])
23/04/2019 14:26:58 - vmin 0.14658228771085377 vmax 136.44213303214184
23/04/2019 14:26:58 - ticklocs [0.02, 0.03, 0.04, 0.05, 0.06, 0.07, 0.08, 0.09, 0.2, 0.30000000000000004, 0.4, 0.5, 0.6000000000000001, 0.7000000000000001, 0.8, 0.9, 2.0, 3.0, 4.0, 5.0, 6.0, 7.0, 8.0, 9.0, 20.0, 30.0, 40.0, 50.0, 60.0, 70.0, 80.0, 90.0, 200.0, 300.0, 400.0, 500.0, 600.0, 700.0, 800.0, 900.0, 2000.0, 3000.0, 4000.0, 5000.0, 6000.0, 7000.0, 8000.0, 9000.0, 20000.0, 30000.0, 40000.0, 50000.0, 60000.0, 70000.0, 80000.0, 90000.0]
23/04/2019 14:26:58 - vmin 4.5152289001240864e-05 vmax 200.52018937806315
23/04/2019 14:26:58 - ticklocs array([1.e-06, 1.e-05, 1.e-04, 1.e-03, 1.e-02, 1.e-01, 1.e+00, 1.e+01,
       1.e+02, 1.e+03, 1.e+04])
23/04/2019 14:26:58 - vmin 4.5152289001240864e-05 vmax 200.52018937806315
23/04/2019 14:26:58 - ticklocs [2e-06, 3e-06, 4e-06, 4.9999999999999996e-06, 6e-06, 7e-06, 8e-06, 9e-06, 2e-05, 3.0000000000000004e-05, 4e-05, 5e-05, 6.000000000000001e-05, 7.000000000000001e-05, 8e-05, 9e-05, 0.0002, 0.00030000000000000003, 0.0004, 0.0005, 0.0006000000000000001, 0.0007, 0.0008, 0.0009000000000000001, 0.002, 0.003, 0.004, 0.005, 0.006, 0.007, 0.008, 0.009000000000000001, 0.02, 0.03, 0.04, 0.05, 0.06, 0.07, 0.08, 0.09, 0.2, 0.30000000000000004, 0.4, 0.5, 0.6000000000000001, 0.7000000000000001, 0.8, 0.9, 2.0, 3.0, 4.0, 5.0, 6.0, 7.0, 8.0, 9.0, 20.0, 30.0, 40.0, 50.0, 60.0, 70.0, 80.0, 90.0, 200.0, 300.0, 400.0, 500.0, 600.0, 700.0, 800.0, 900.0, 2000.0, 3000.0, 4000.0, 5000.0, 6000.0, 7000.0, 8000.0, 9000.0, 20000.0, 30000.0, 40000.0, 50000.0, 60000.0, 70000.0, 80000.0, 90000.0]
23/04/2019 14:26:58 - vmin 4.5152289001240864e-05 vmax 200.52018937806315
23/04/2019 14:26:58 - ticklocs array([1.e-06, 1.e-05, 1.e-04, 1.e-03, 1.e-02, 1.e-01, 1.e+00, 1.e+01,
       1.e+02, 1.e+03, 1.e+04])
23/04/2019 14:26:58 - vmin 4.5152289001240864e-05 vmax 200.52018937806315
23/04/2019 14:26:58 - ticklocs [2e-06, 3e-06, 4e-06, 4.9999999999999996e-06, 6e-06, 7e-06, 8e-06, 9e-06, 2e-05, 3.0000000000000004e-05, 4e-05, 5e-05, 6.000000000000001e-05, 7.000000000000001e-05, 8e-05, 9e-05, 0.0002, 0.00030000000000000003, 0.0004, 0.0005, 0.0006000000000000001, 0.0007, 0.0008, 0.0009000000000000001, 0.002, 0.003, 0.004, 0.005, 0.006, 0.007, 0.008, 0.009000000000000001, 0.02, 0.03, 0.04, 0.05, 0.06, 0.07, 0.08, 0.09, 0.2, 0.30000000000000004, 0.4, 0.5, 0.6000000000000001, 0.7000000000000001, 0.8, 0.9, 2.0, 3.0, 4.0, 5.0, 6.0, 7.0, 8.0, 9.0, 20.0, 30.0, 40.0, 50.0, 60.0, 70.0, 80.0, 90.0, 200.0, 300.0, 400.0, 500.0, 600.0, 700.0, 800.0, 900.0, 2000.0, 3000.0, 4000.0, 5000.0, 6000.0, 7000.0, 8000.0, 9000.0, 20000.0, 30000.0, 40000.0, 50000.0, 60000.0, 70000.0, 80000.0, 90000.0]
23/04/2019 14:26:58 - update_title_pos
23/04/2019 14:26:58 - vmin 0.14658228771085377 vmax 136.44213303214184
23/04/2019 14:26:58 - ticklocs array([1.e-02, 1.e-01, 1.e+00, 1.e+01, 1.e+02, 1.e+03, 1.e+04])
23/04/2019 14:26:58 - vmin 0.14658228771085377 vmax 136.44213303214184
23/04/2019 14:26:58 - ticklocs [0.02, 0.03, 0.04, 0.05, 0.06, 0.07, 0.08, 0.09, 0.2, 0.30000000000000004, 0.4, 0.5, 0.6000000000000001, 0.7000000000000001, 0.8, 0.9, 2.0, 3.0, 4.0, 5.0, 6.0, 7.0, 8.0, 9.0, 20.0, 30.0, 40.0, 50.0, 60.0, 70.0, 80.0, 90.0, 200.0, 300.0, 400.0, 500.0, 600.0, 700.0, 800.0, 900.0, 2000.0, 3000.0, 4000.0, 5000.0, 6000.0, 7000.0, 8000.0, 9000.0, 20000.0, 30000.0, 40000.0, 50000.0, 60000.0, 70000.0, 80000.0, 90000.0]
23/04/2019 14:26:58 - vmin 0.14658228771085377 vmax 136.44213303214184
23/04/2019 14:26:58 - ticklocs array([1.e-02, 1.e-01, 1.e+00, 1.e+01, 1.e+02, 1.e+03, 1.e+04])
23/04/2019 14:26:58 - vmin 0.14658228771085377 vmax 136.44213303214184
23/04/2019 14:26:58 - ticklocs [0.02, 0.03, 0.04, 0.05, 0.06, 0.07, 0.08, 0.09, 0.2, 0.30000000000000004, 0.4, 0.5, 0.6000000000000001, 0.7000000000000001, 0.8, 0.9, 2.0, 3.0, 4.0, 5.0, 6.0, 7.0, 8.0, 9.0, 20.0, 30.0, 40.0, 50.0, 60.0, 70.0, 80.0, 90.0, 200.0, 300.0, 400.0, 500.0, 600.0, 700.0, 800.0, 900.0, 2000.0, 3000.0, 4000.0, 5000.0, 6000.0, 7000.0, 8000.0, 9000.0, 20000.0, 30000.0, 40000.0, 50000.0, 60000.0, 70000.0, 80000.0, 90000.0]
23/04/2019 14:26:58 - vmin 4.5152289001240864e-05 vmax 200.52018937806315
23/04/2019 14:26:58 - ticklocs array([1.e-06, 1.e-05, 1.e-04, 1.e-03, 1.e-02, 1.e-01, 1.e+00, 1.e+01,
       1.e+02, 1.e+03, 1.e+04])
23/04/2019 14:26:58 - vmin 4.5152289001240864e-05 vmax 200.52018937806315
23/04/2019 14:26:58 - ticklocs [2e-06, 3e-06, 4e-06, 4.9999999999999996e-06, 6e-06, 7e-06, 8e-06, 9e-06, 2e-05, 3.0000000000000004e-05, 4e-05, 5e-05, 6.000000000000001e-05, 7.000000000000001e-05, 8e-05, 9e-05, 0.0002, 0.00030000000000000003, 0.0004, 0.0005, 0.0006000000000000001, 0.0007, 0.0008, 0.0009000000000000001, 0.002, 0.003, 0.004, 0.005, 0.006, 0.007, 0.008, 0.009000000000000001, 0.02, 0.03, 0.04, 0.05, 0.06, 0.07, 0.08, 0.09, 0.2, 0.30000000000000004, 0.4, 0.5, 0.6000000000000001, 0.7000000000000001, 0.8, 0.9, 2.0, 3.0, 4.0, 5.0, 6.0, 7.0, 8.0, 9.0, 20.0, 30.0, 40.0, 50.0, 60.0, 70.0, 80.0, 90.0, 200.0, 300.0, 400.0, 500.0, 600.0, 700.0, 800.0, 900.0, 2000.0, 3000.0, 4000.0, 5000.0, 6000.0, 7000.0, 8000.0, 9000.0, 20000.0, 30000.0, 40000.0, 50000.0, 60000.0, 70000.0, 80000.0, 90000.0]
23/04/2019 14:26:58 - vmin 4.5152289001240864e-05 vmax 200.52018937806315
23/04/2019 14:26:58 - ticklocs array([1.e-06, 1.e-05, 1.e-04, 1.e-03, 1.e-02, 1.e-01, 1.e+00, 1.e+01,
       1.e+02, 1.e+03, 1.e+04])
23/04/2019 14:26:58 - vmin 4.5152289001240864e-05 vmax 200.52018937806315
23/04/2019 14:26:58 - ticklocs [2e-06, 3e-06, 4e-06, 4.9999999999999996e-06, 6e-06, 7e-06, 8e-06, 9e-06, 2e-05, 3.0000000000000004e-05, 4e-05, 5e-05, 6.000000000000001e-05, 7.000000000000001e-05, 8e-05, 9e-05, 0.0002, 0.00030000000000000003, 0.0004, 0.0005, 0.0006000000000000001, 0.0007, 0.0008, 0.0009000000000000001, 0.002, 0.003, 0.004, 0.005, 0.006, 0.007, 0.008, 0.009000000000000001, 0.02, 0.03, 0.04, 0.05, 0.06, 0.07, 0.08, 0.09, 0.2, 0.30000000000000004, 0.4, 0.5, 0.6000000000000001, 0.7000000000000001, 0.8, 0.9, 2.0, 3.0, 4.0, 5.0, 6.0, 7.0, 8.0, 9.0, 20.0, 30.0, 40.0, 50.0, 60.0, 70.0, 80.0, 90.0, 200.0, 300.0, 400.0, 500.0, 600.0, 700.0, 800.0, 900.0, 2000.0, 3000.0, 4000.0, 5000.0, 6000.0, 7000.0, 8000.0, 9000.0, 20000.0, 30000.0, 40000.0, 50000.0, 60000.0, 70000.0, 80000.0, 90000.0]
23/04/2019 14:26:58 - update_title_pos
23/04/2019 14:26:59 - update_title_pos
23/04/2019 14:26:59 - locator: <matplotlib.colorbar._ColorbarAutoLocator object at 0x2aab5e32b2b0>
23/04/2019 14:26:59 - Using auto colorbar locator on colorbar
23/04/2019 14:26:59 - locator: <matplotlib.colorbar._ColorbarAutoLocator object at 0x2aab5e32b2b0>
23/04/2019 14:26:59 - Setting pcolormesh
23/04/2019 14:26:59 - update_title_pos
23/04/2019 14:26:59 - update_title_pos
23/04/2019 14:26:59 - update_title_pos
23/04/2019 14:26:59 - update_title_pos
TF version 1.13.1
Print train statistics               pca1_1         pca1_2  ...           89VH        sfcprcp
count  222944.000000  222944.000000  ...  222944.000000  222944.000000
mean        0.001625       0.000194  ...       0.001640       2.097470
std         1.920312       0.488168  ...       1.001264       3.634174
min        -5.076468      -4.617611  ...      -1.876565       0.200000
25%        -1.099862      -0.210103  ...      -0.763999       0.421000
50%        -0.315493       0.014092  ...      -0.387629       0.920000
75%         0.705953       0.226922  ...       0.604995       2.272000
max        24.233170       5.453064  ...       7.421015      59.960000

[8 rows x 18 columns]
Print test statistics               pca1_1         pca1_2  ...           89VH        sfcprcp
count  222944.000000  222944.000000  ...  222944.000000  222944.000000
mean        0.001625       0.000194  ...       0.001640       2.097470
std         1.920312       0.488168  ...       1.001264       3.634174
min        -5.076468      -4.617611  ...      -1.876565       0.200000
25%        -1.099862      -0.210103  ...      -0.763999       0.421000
50%        -0.315493       0.014092  ...      -0.387629       0.920000
75%         0.705953       0.226922  ...       0.604995       2.272000
max        24.233170       5.453064  ...       7.421015      59.960000

[8 rows x 18 columns]
_________________________________________________________________
Layer (type)                 Output Shape              Param #   
=================================================================
gaussian_noise_1 (GaussianNo (None, 17)                0         
_________________________________________________________________
dense_1 (Dense)              (None, 51)                918       
_________________________________________________________________
dense_2 (Dense)              (None, 10)                520       
_________________________________________________________________
dense_3 (Dense)              (None, 1)                 11        
=================================================================
Total params: 1,449
Trainable params: 1,449
Non-trainable params: 0
_________________________________________________________________

....................................................................................................
....................................................................................................
....................................................................................................
....................................................................................................
....................................................................................................dict_keys(['val_loss', 'val_mean_absolute_error', 'val_mean_squared_error', 'loss', 'mean_absolute_error', 'mean_squared_error'])

..........................Testing set Mean Abs Error:  1.13 sfcprcp
converting arrays to text files
Text file saved!
Saved model to disk

real	56m16.427s
user	118m15.396s
sys	22m2.320s
