Running on host node004
Time is Qua Abr 24 15:59:27 -03 2019
Directory is /home/david/git-repos/ann_training
Slurm job ID is 5402
This job runs on the following machines:
node004
Running /home/david/vp368cpu/bin/python /home/david/git-repos/ann_training/tuning_screening_precipitation_A7.py
Using TensorFlow backend.
Traceback (most recent call last):
  File "/home/david/git-repos/ann_training/tuning_screening_precipitation_A7.py", line 128, in <module>
    grid_result = training_model.run_TuningScreeningPrecipitation()
  File "/home/david/git-repos/ann_training/tuning_screening_precipitation_A7.py", line 65, in run_TuningScreeningPrecipitation
    df = pd.read_csv(os.path.join(path, file), sep=',', decimal='.')
  File "/home/david/vp368cpu/lib/python3.6/site-packages/pandas/io/parsers.py", line 702, in parser_f
    return _read(filepath_or_buffer, kwds)
  File "/home/david/vp368cpu/lib/python3.6/site-packages/pandas/io/parsers.py", line 429, in _read
    parser = TextFileReader(filepath_or_buffer, **kwds)
  File "/home/david/vp368cpu/lib/python3.6/site-packages/pandas/io/parsers.py", line 895, in __init__
    self._make_engine(self.engine)
  File "/home/david/vp368cpu/lib/python3.6/site-packages/pandas/io/parsers.py", line 1122, in _make_engine
    self._engine = CParserWrapper(self.f, **self.options)
  File "/home/david/vp368cpu/lib/python3.6/site-packages/pandas/io/parsers.py", line 1853, in __init__
    self._reader = parsers.TextReader(src, **kwds)
  File "pandas/_libs/parsers.pyx", line 387, in pandas._libs.parsers.TextReader.__cinit__
  File "pandas/_libs/parsers.pyx", line 705, in pandas._libs.parsers.TextReader._setup_parser_source
FileNotFoundError: [Errno 2] File b'/media/DATA/tmp/git-repositories/brain/output/train_data_11m_outliers.csv' does not exist: b'/media/DATA/tmp/git-repositories/brain/output/train_data_11m_outliers.csv'

real	0m3.747s
user	0m2.969s
sys	0m2.127s
