Running on host node004
Time is Ter Abr 16 22:30:20 -03 2019
Directory is /home/david/git-repos/ann_training
Slurm job ID is 5358
This job runs on the following machines:
node004
Running /home/david/vp368cpu/bin/python /home/david/git-repos/ann_training/main_ann_11.py
Using TensorFlow backend.
TF version 1.13.1
Traceback (most recent call last):
  File "/home/david/git-repos/ann_training/main_ann_11.py", line 260, in <module>
    main()
  File "/home/david/git-repos/ann_training/main_ann_11.py", line 101, in main
    Screening.autoExecClass()
  File "/home/david/git-repos/ann_training/src/training_ann_11.py", line 143, in autoExecClass
    df = pd.read_csv(os.path.join(self.path, self.file), sep=',', decimal='.')
  File "/home/david/vp368cpu/lib/python3.6/site-packages/pandas/io/parsers.py", line 702, in parser_f
    return _read(filepath_or_buffer, kwds)
  File "/home/david/vp368cpu/lib/python3.6/site-packages/pandas/io/parsers.py", line 429, in _read
    parser = TextFileReader(filepath_or_buffer, **kwds)
  File "/home/david/vp368cpu/lib/python3.6/site-packages/pandas/io/parsers.py", line 895, in __init__
    self._make_engine(self.engine)
  File "/home/david/vp368cpu/lib/python3.6/site-packages/pandas/io/parsers.py", line 1122, in _make_engine
    self._engine = CParserWrapper(self.f, **self.options)
  File "/home/david/vp368cpu/lib/python3.6/site-packages/pandas/io/parsers.py", line 1853, in __init__
    self._reader = parsers.TextReader(src, **kwds)
  File "pandas/_libs/parsers.pyx", line 387, in pandas._libs.parsers.TextReader.__cinit__
  File "pandas/_libs/parsers.pyx", line 705, in pandas._libs.parsers.TextReader._setup_parser_source
FileNotFoundError: [Errno 2] File b'/media/david/DATA/yearly_br_underc1_hot_0956.csv' does not exist: b'/media/david/DATA/yearly_br_underc1_hot_0956.csv'

real	0m5.393s
user	0m4.372s
sys	0m2.125s
