Running on host node005
Time is Seg Abr 22 01:20:44 -03 2019
Directory is /home/david/git-repos/ann_training
Slurm job ID is 5388
This job runs on the following machines:
node005
Running /home/david/vp368cpu/bin/python /home/david/git-repos/ann_training/main_ann_31.py
Using TensorFlow backend.
WARNING:tensorflow:From /home/david/vp368cpu/lib/python3.6/site-packages/tensorflow/python/ops/control_flow_ops.py:423: colocate_with (from tensorflow.python.framework.ops) is deprecated and will be removed in a future version.
Instructions for updating:
Colocations handled automatically by placer.
22/04/2019 01:21:24 - From /home/david/vp368cpu/lib/python3.6/site-packages/tensorflow/python/ops/control_flow_ops.py:423: colocate_with (from tensorflow.python.framework.ops) is deprecated and will be removed in a future version.
Instructions for updating:
Colocations handled automatically by placer.
WARNING:tensorflow:From /home/david/vp368cpu/lib/python3.6/site-packages/tensorflow/python/ops/math_ops.py:3066: to_int32 (from tensorflow.python.ops.math_ops) is deprecated and will be removed in a future version.
Instructions for updating:
Use tf.cast instead.
22/04/2019 01:21:24 - From /home/david/vp368cpu/lib/python3.6/site-packages/tensorflow/python/ops/math_ops.py:3066: to_int32 (from tensorflow.python.ops.math_ops) is deprecated and will be removed in a future version.
Instructions for updating:
Use tf.cast instead.
2019-04-22 01:21:24.584773: I tensorflow/core/platform/profile_utils/cpu_utils.cc:94] CPU Frequency: 2200205000 Hz
2019-04-22 01:21:24.585893: I tensorflow/compiler/xla/service/service.cc:150] XLA service 0x3df6a470 executing computations on platform Host. Devices:
2019-04-22 01:21:24.585929: I tensorflow/compiler/xla/service/service.cc:158]   StreamExecutor device (0): <undefined>, <undefined>
slurmstepd: error: *** JOB 5388 ON node005 CANCELLED AT 2019-04-22T01:41:30 ***
