Running on host node005
Time is Qua Abr 17 14:13:43 -03 2019
Directory is /home/david/git-repos/ann_training
Slurm job ID is 5366
This job runs on the following machines:
node005
Running /home/david/vp368cpu/bin/python /home/david/git-repos/ann_training/main_ann_12.py
Using TensorFlow backend.
WARNING:tensorflow:From /home/david/vp368cpu/lib/python3.6/site-packages/tensorflow/python/framework/op_def_library.py:263: colocate_with (from tensorflow.python.framework.ops) is deprecated and will be removed in a future version.
Instructions for updating:
Colocations handled automatically by placer.
17/04/2019 14:13:53 - From /home/david/vp368cpu/lib/python3.6/site-packages/tensorflow/python/framework/op_def_library.py:263: colocate_with (from tensorflow.python.framework.ops) is deprecated and will be removed in a future version.
Instructions for updating:
Colocations handled automatically by placer.
WARNING:tensorflow:From /home/david/vp368cpu/lib/python3.6/site-packages/tensorflow/python/ops/math_ops.py:3066: to_int32 (from tensorflow.python.ops.math_ops) is deprecated and will be removed in a future version.
Instructions for updating:
Use tf.cast instead.
17/04/2019 14:13:54 - From /home/david/vp368cpu/lib/python3.6/site-packages/tensorflow/python/ops/math_ops.py:3066: to_int32 (from tensorflow.python.ops.math_ops) is deprecated and will be removed in a future version.
Instructions for updating:
Use tf.cast instead.
2019-04-17 14:13:54.257906: I tensorflow/core/platform/profile_utils/cpu_utils.cc:94] CPU Frequency: 2200205000 Hz
2019-04-17 14:13:54.259112: I tensorflow/compiler/xla/service/service.cc:150] XLA service 0x6961b00 executing computations on platform Host. Devices:
2019-04-17 14:13:54.259154: I tensorflow/compiler/xla/service/service.cc:158]   StreamExecutor device (0): <undefined>, <undefined>
TF version 1.13.1

....................................................................................................
....................................................................................................
....................................................................................................
....................................................................................................
....................................................................................................
....................................................................................................
....................................................................................................
....................................................................................................
....................................................................................................
....................................................................................................dict_keys(['val_loss', 'val_acc', 'loss', 'acc'])
Saved model to disk
Time passed: 5hour:51min:19sec

real	351m29.919s
user	716m7.347s
sys	113m31.604s
