Running on host node009
Time is Tue Apr 16 22:54:31 -03 2019
Directory is /home/david/git-repos/ann_training
Slurm job ID is 40606
This job runs on the following machines:
node009
Running /home/david/venv366tfcpu/bin/python /home/david/git-repos/ann_training/main_ann_10.py
Using TensorFlow backend.
16/04/2019 22:55:10 - update_title_pos
16/04/2019 22:55:10 - findfont: Matching :family=sans-serif:style=normal:variant=normal:weight=normal:stretch=normal:size=10.0 to DejaVu Sans ('/home/david/venv366tfcpu/lib/python3.6/site-packages/matplotlib/mpl-data/fonts/ttf/DejaVuSans.ttf') with score of 0.050000.
16/04/2019 22:55:10 - update_title_pos
16/04/2019 22:55:14 - update_title_pos
16/04/2019 22:55:14 - update_title_pos
WARNING:tensorflow:From /home/david/venv366tfcpu/lib/python3.6/site-packages/tensorflow/python/ops/control_flow_ops.py:423: colocate_with (from tensorflow.python.framework.ops) is deprecated and will be removed in a future version.
Instructions for updating:
Colocations handled automatically by placer.
16/04/2019 22:55:20 - From /home/david/venv366tfcpu/lib/python3.6/site-packages/tensorflow/python/ops/control_flow_ops.py:423: colocate_with (from tensorflow.python.framework.ops) is deprecated and will be removed in a future version.
Instructions for updating:
Colocations handled automatically by placer.
WARNING:tensorflow:From /home/david/venv366tfcpu/lib/python3.6/site-packages/tensorflow/python/ops/math_ops.py:3066: to_int32 (from tensorflow.python.ops.math_ops) is deprecated and will be removed in a future version.
Instructions for updating:
Use tf.cast instead.
16/04/2019 22:55:20 - From /home/david/venv366tfcpu/lib/python3.6/site-packages/tensorflow/python/ops/math_ops.py:3066: to_int32 (from tensorflow.python.ops.math_ops) is deprecated and will be removed in a future version.
Instructions for updating:
Use tf.cast instead.
2019-04-16 22:55:20.619906: I tensorflow/core/platform/profile_utils/cpu_utils.cc:94] CPU Frequency: 2199835000 Hz
2019-04-16 22:55:20.621552: I tensorflow/compiler/xla/service/service.cc:150] XLA service 0x579d24f0 executing computations on platform Host. Devices:
2019-04-16 22:55:20.621588: I tensorflow/compiler/xla/service/service.cc:158]   StreamExecutor device (0): <undefined>, <undefined>
