Running on host node005
Time is Dom Abr 21 07:01:18 -03 2019
Directory is /home/david/git-repos/ann_training
Slurm job ID is 5378
This job runs on the following machines:
node005
Running /home/david/vp368cpu/bin/python /home/david/git-repos/ann_training/main_ann_21.py
Using TensorFlow backend.
21/04/2019 07:02:00 - update_title_pos
21/04/2019 07:02:00 - findfont: Matching :family=sans-serif:style=normal:variant=normal:weight=normal:stretch=normal:size=10.0 to DejaVu Sans ('/home/david/vp368cpu/lib/python3.6/site-packages/matplotlib/mpl-data/fonts/ttf/DejaVuSans.ttf') with score of 0.050000.
21/04/2019 07:02:00 - update_title_pos
21/04/2019 07:02:06 - update_title_pos
21/04/2019 07:02:06 - update_title_pos
WARNING:tensorflow:From /home/david/vp368cpu/lib/python3.6/site-packages/tensorflow/python/ops/control_flow_ops.py:423: colocate_with (from tensorflow.python.framework.ops) is deprecated and will be removed in a future version.
Instructions for updating:
Colocations handled automatically by placer.
21/04/2019 07:02:15 - From /home/david/vp368cpu/lib/python3.6/site-packages/tensorflow/python/ops/control_flow_ops.py:423: colocate_with (from tensorflow.python.framework.ops) is deprecated and will be removed in a future version.
Instructions for updating:
Colocations handled automatically by placer.
WARNING:tensorflow:From /home/david/vp368cpu/lib/python3.6/site-packages/tensorflow/python/ops/math_ops.py:3066: to_int32 (from tensorflow.python.ops.math_ops) is deprecated and will be removed in a future version.
Instructions for updating:
Use tf.cast instead.
21/04/2019 07:02:15 - From /home/david/vp368cpu/lib/python3.6/site-packages/tensorflow/python/ops/math_ops.py:3066: to_int32 (from tensorflow.python.ops.math_ops) is deprecated and will be removed in a future version.
Instructions for updating:
Use tf.cast instead.
2019-04-21 07:02:15.908048: I tensorflow/core/platform/profile_utils/cpu_utils.cc:94] CPU Frequency: 2200205000 Hz
2019-04-21 07:02:15.909338: I tensorflow/compiler/xla/service/service.cc:150] XLA service 0x50910bb0 executing computations on platform Host. Devices:
2019-04-21 07:02:15.909379: I tensorflow/compiler/xla/service/service.cc:158]   StreamExecutor device (0): <undefined>, <undefined>
21/04/2019 07:40:09 - update_title_pos
21/04/2019 07:40:09 - update_title_pos
/home/david/vp368cpu/lib/python3.6/site-packages/matplotlib/axes/_base.py:3099: UserWarning: Attempting to set identical left==right results
in singular transformations; automatically expanding.
left=100.0, right=100.0
  self.set_xlim(upper, lower, auto=None)
/home/david/vp368cpu/lib/python3.6/site-packages/matplotlib/axes/_base.py:3507: UserWarning: Attempting to set identical bottom==top results
in singular transformations; automatically expanding.
bottom=100.0, top=100.0
  self.set_ylim(upper, lower, auto=None)
21/04/2019 07:40:09 - update_title_pos
21/04/2019 07:40:09 - vmin 99.9 vmax 100.1
21/04/2019 07:40:09 - ticklocs array([1.e+00, 1.e+01, 1.e+02, 1.e+03, 1.e+04])
21/04/2019 07:40:09 - vmin 99.9 vmax 100.1
21/04/2019 07:40:09 - ticklocs [2.0, 3.0, 4.0, 5.0, 6.0, 7.0, 8.0, 9.0, 20.0, 30.0, 40.0, 50.0, 60.0, 70.0, 80.0, 90.0, 200.0, 300.0, 400.0, 500.0, 600.0, 700.0, 800.0, 900.0, 2000.0, 3000.0, 4000.0, 5000.0, 6000.0, 7000.0, 8000.0, 9000.0, 20000.0, 30000.0, 40000.0, 50000.0, 60000.0, 70000.0, 80000.0, 90000.0]
21/04/2019 07:40:09 - findfont: Matching :family=STIXGeneral:style=normal:variant=normal:weight=normal:stretch=normal:size=10.0 to STIXGeneral ('/home/david/vp368cpu/lib/python3.6/site-packages/matplotlib/mpl-data/fonts/ttf/STIXGeneral.ttf') with score of 0.050000.
21/04/2019 07:40:09 - findfont: Matching :family=STIXGeneral:style=italic:variant=normal:weight=normal:stretch=normal:size=10.0 to STIXGeneral ('/home/david/vp368cpu/lib/python3.6/site-packages/matplotlib/mpl-data/fonts/ttf/STIXGeneralItalic.ttf') with score of 0.050000.
21/04/2019 07:40:09 - findfont: Matching :family=STIXGeneral:style=normal:variant=normal:weight=bold:stretch=normal:size=10.0 to STIXGeneral ('/home/david/vp368cpu/lib/python3.6/site-packages/matplotlib/mpl-data/fonts/ttf/STIXGeneralBol.ttf') with score of 0.000000.
21/04/2019 07:40:09 - findfont: Matching :family=STIXNonUnicode:style=normal:variant=normal:weight=normal:stretch=normal:size=10.0 to STIXNonUnicode ('/home/david/vp368cpu/lib/python3.6/site-packages/matplotlib/mpl-data/fonts/ttf/STIXNonUni.ttf') with score of 0.050000.
21/04/2019 07:40:09 - findfont: Matching :family=STIXNonUnicode:style=italic:variant=normal:weight=normal:stretch=normal:size=10.0 to STIXNonUnicode ('/home/david/vp368cpu/lib/python3.6/site-packages/matplotlib/mpl-data/fonts/ttf/STIXNonUniIta.ttf') with score of 0.050000.
21/04/2019 07:40:09 - findfont: Matching :family=STIXNonUnicode:style=normal:variant=normal:weight=bold:stretch=normal:size=10.0 to STIXNonUnicode ('/home/david/vp368cpu/lib/python3.6/site-packages/matplotlib/mpl-data/fonts/ttf/STIXNonUniBol.ttf') with score of 0.000000.
21/04/2019 07:40:09 - findfont: Matching :family=STIXSizeOneSym:style=normal:variant=normal:weight=normal:stretch=normal:size=10.0 to STIXSizeOneSym ('/home/david/vp368cpu/lib/python3.6/site-packages/matplotlib/mpl-data/fonts/ttf/STIXSizOneSymReg.ttf') with score of 0.050000.
21/04/2019 07:40:09 - findfont: Matching :family=STIXSizeTwoSym:style=normal:variant=normal:weight=normal:stretch=normal:size=10.0 to STIXSizeTwoSym ('/home/david/vp368cpu/lib/python3.6/site-packages/matplotlib/mpl-data/fonts/ttf/STIXSizTwoSymReg.ttf') with score of 0.050000.
21/04/2019 07:40:09 - findfont: Matching :family=STIXSizeThreeSym:style=normal:variant=normal:weight=normal:stretch=normal:size=10.0 to STIXSizeThreeSym ('/home/david/vp368cpu/lib/python3.6/site-packages/matplotlib/mpl-data/fonts/ttf/STIXSizThreeSymReg.ttf') with score of 0.050000.
21/04/2019 07:40:09 - findfont: Matching :family=STIXSizeFourSym:style=normal:variant=normal:weight=normal:stretch=normal:size=10.0 to STIXSizeFourSym ('/home/david/vp368cpu/lib/python3.6/site-packages/matplotlib/mpl-data/fonts/ttf/STIXSizFourSymReg.ttf') with score of 0.050000.
21/04/2019 07:40:09 - findfont: Matching :family=STIXSizeFiveSym:style=normal:variant=normal:weight=normal:stretch=normal:size=10.0 to STIXSizeFiveSym ('/home/david/vp368cpu/lib/python3.6/site-packages/matplotlib/mpl-data/fonts/ttf/STIXSizFiveSymReg.ttf') with score of 0.050000.
21/04/2019 07:40:09 - findfont: Matching :family=cmsy10:style=normal:variant=normal:weight=normal:stretch=normal:size=10.0 to cmsy10 ('/home/david/vp368cpu/lib/python3.6/site-packages/matplotlib/mpl-data/fonts/ttf/cmsy10.ttf') with score of 0.050000.
21/04/2019 07:40:09 - findfont: Matching :family=cmr10:style=normal:variant=normal:weight=normal:stretch=normal:size=10.0 to cmr10 ('/home/david/vp368cpu/lib/python3.6/site-packages/matplotlib/mpl-data/fonts/ttf/cmr10.ttf') with score of 0.050000.
21/04/2019 07:40:09 - findfont: Matching :family=cmtt10:style=normal:variant=normal:weight=normal:stretch=normal:size=10.0 to cmtt10 ('/home/david/vp368cpu/lib/python3.6/site-packages/matplotlib/mpl-data/fonts/ttf/cmtt10.ttf') with score of 0.050000.
21/04/2019 07:40:09 - findfont: Matching :family=cmmi10:style=normal:variant=normal:weight=normal:stretch=normal:size=10.0 to cmmi10 ('/home/david/vp368cpu/lib/python3.6/site-packages/matplotlib/mpl-data/fonts/ttf/cmmi10.ttf') with score of 0.050000.
21/04/2019 07:40:09 - findfont: Matching :family=cmb10:style=normal:variant=normal:weight=normal:stretch=normal:size=10.0 to cmb10 ('/home/david/vp368cpu/lib/python3.6/site-packages/matplotlib/mpl-data/fonts/ttf/cmb10.ttf') with score of 0.050000.
21/04/2019 07:40:09 - findfont: Matching :family=cmss10:style=normal:variant=normal:weight=normal:stretch=normal:size=10.0 to cmss10 ('/home/david/vp368cpu/lib/python3.6/site-packages/matplotlib/mpl-data/fonts/ttf/cmss10.ttf') with score of 0.050000.
21/04/2019 07:40:09 - findfont: Matching :family=cmex10:style=normal:variant=normal:weight=normal:stretch=normal:size=10.0 to cmex10 ('/home/david/vp368cpu/lib/python3.6/site-packages/matplotlib/mpl-data/fonts/ttf/cmex10.ttf') with score of 0.050000.
21/04/2019 07:40:09 - findfont: Matching :family=DejaVu Sans:style=normal:variant=normal:weight=normal:stretch=normal:size=10.0 to DejaVu Sans ('/home/david/vp368cpu/lib/python3.6/site-packages/matplotlib/mpl-data/fonts/ttf/DejaVuSans.ttf') with score of 0.050000.
21/04/2019 07:40:09 - findfont: Matching :family=DejaVu Sans:style=italic:variant=normal:weight=normal:stretch=normal:size=10.0 to DejaVu Sans ('/home/david/vp368cpu/lib/python3.6/site-packages/matplotlib/mpl-data/fonts/ttf/DejaVuSans-Oblique.ttf') with score of 0.150000.
21/04/2019 07:40:09 - findfont: Matching :family=DejaVu Sans:style=normal:variant=normal:weight=bold:stretch=normal:size=10.0 to DejaVu Sans ('/home/david/vp368cpu/lib/python3.6/site-packages/matplotlib/mpl-data/fonts/ttf/DejaVuSans-Bold.ttf') with score of 0.000000.
21/04/2019 07:40:09 - findfont: Matching :family=DejaVu Sans Mono:style=normal:variant=normal:weight=normal:stretch=normal:size=10.0 to DejaVu Sans Mono ('/home/david/vp368cpu/lib/python3.6/site-packages/matplotlib/mpl-data/fonts/ttf/DejaVuSansMono.ttf') with score of 0.050000.
21/04/2019 07:40:09 - findfont: Matching :family=DejaVu Sans Display:style=normal:variant=normal:weight=normal:stretch=normal:size=10.0 to DejaVu Sans Display ('/home/david/vp368cpu/lib/python3.6/site-packages/matplotlib/mpl-data/fonts/ttf/DejaVuSansDisplay.ttf') with score of 0.050000.
21/04/2019 07:40:10 - vmin 99.9 vmax 100.1
21/04/2019 07:40:10 - ticklocs array([1.e+00, 1.e+01, 1.e+02, 1.e+03, 1.e+04])
21/04/2019 07:40:10 - vmin 99.9 vmax 100.1
21/04/2019 07:40:10 - ticklocs [2.0, 3.0, 4.0, 5.0, 6.0, 7.0, 8.0, 9.0, 20.0, 30.0, 40.0, 50.0, 60.0, 70.0, 80.0, 90.0, 200.0, 300.0, 400.0, 500.0, 600.0, 700.0, 800.0, 900.0, 2000.0, 3000.0, 4000.0, 5000.0, 6000.0, 7000.0, 8000.0, 9000.0, 20000.0, 30000.0, 40000.0, 50000.0, 60000.0, 70000.0, 80000.0, 90000.0]
21/04/2019 07:40:10 - vmin 99.9 vmax 100.1
21/04/2019 07:40:10 - ticklocs array([1.e+00, 1.e+01, 1.e+02, 1.e+03, 1.e+04])
21/04/2019 07:40:10 - vmin 99.9 vmax 100.1
21/04/2019 07:40:10 - ticklocs [2.0, 3.0, 4.0, 5.0, 6.0, 7.0, 8.0, 9.0, 20.0, 30.0, 40.0, 50.0, 60.0, 70.0, 80.0, 90.0, 200.0, 300.0, 400.0, 500.0, 600.0, 700.0, 800.0, 900.0, 2000.0, 3000.0, 4000.0, 5000.0, 6000.0, 7000.0, 8000.0, 9000.0, 20000.0, 30000.0, 40000.0, 50000.0, 60000.0, 70000.0, 80000.0, 90000.0]
21/04/2019 07:40:10 - vmin 99.9 vmax 100.1
21/04/2019 07:40:10 - ticklocs array([1.e+00, 1.e+01, 1.e+02, 1.e+03, 1.e+04])
21/04/2019 07:40:10 - vmin 99.9 vmax 100.1
21/04/2019 07:40:10 - ticklocs [2.0, 3.0, 4.0, 5.0, 6.0, 7.0, 8.0, 9.0, 20.0, 30.0, 40.0, 50.0, 60.0, 70.0, 80.0, 90.0, 200.0, 300.0, 400.0, 500.0, 600.0, 700.0, 800.0, 900.0, 2000.0, 3000.0, 4000.0, 5000.0, 6000.0, 7000.0, 8000.0, 9000.0, 20000.0, 30000.0, 40000.0, 50000.0, 60000.0, 70000.0, 80000.0, 90000.0]
21/04/2019 07:40:10 - update_title_pos
21/04/2019 07:40:10 - vmin 99.9 vmax 100.1
21/04/2019 07:40:10 - ticklocs array([1.e+00, 1.e+01, 1.e+02, 1.e+03, 1.e+04])
21/04/2019 07:40:10 - vmin 99.9 vmax 100.1
21/04/2019 07:40:10 - ticklocs [2.0, 3.0, 4.0, 5.0, 6.0, 7.0, 8.0, 9.0, 20.0, 30.0, 40.0, 50.0, 60.0, 70.0, 80.0, 90.0, 200.0, 300.0, 400.0, 500.0, 600.0, 700.0, 800.0, 900.0, 2000.0, 3000.0, 4000.0, 5000.0, 6000.0, 7000.0, 8000.0, 9000.0, 20000.0, 30000.0, 40000.0, 50000.0, 60000.0, 70000.0, 80000.0, 90000.0]
21/04/2019 07:40:10 - vmin 99.9 vmax 100.1
21/04/2019 07:40:10 - ticklocs array([1.e+00, 1.e+01, 1.e+02, 1.e+03, 1.e+04])
21/04/2019 07:40:10 - vmin 99.9 vmax 100.1
21/04/2019 07:40:10 - ticklocs [2.0, 3.0, 4.0, 5.0, 6.0, 7.0, 8.0, 9.0, 20.0, 30.0, 40.0, 50.0, 60.0, 70.0, 80.0, 90.0, 200.0, 300.0, 400.0, 500.0, 600.0, 700.0, 800.0, 900.0, 2000.0, 3000.0, 4000.0, 5000.0, 6000.0, 7000.0, 8000.0, 9000.0, 20000.0, 30000.0, 40000.0, 50000.0, 60000.0, 70000.0, 80000.0, 90000.0]
21/04/2019 07:40:10 - vmin 99.9 vmax 100.1
21/04/2019 07:40:10 - ticklocs array([1.e+00, 1.e+01, 1.e+02, 1.e+03, 1.e+04])
21/04/2019 07:40:10 - vmin 99.9 vmax 100.1
21/04/2019 07:40:10 - ticklocs [2.0, 3.0, 4.0, 5.0, 6.0, 7.0, 8.0, 9.0, 20.0, 30.0, 40.0, 50.0, 60.0, 70.0, 80.0, 90.0, 200.0, 300.0, 400.0, 500.0, 600.0, 700.0, 800.0, 900.0, 2000.0, 3000.0, 4000.0, 5000.0, 6000.0, 7000.0, 8000.0, 9000.0, 20000.0, 30000.0, 40000.0, 50000.0, 60000.0, 70000.0, 80000.0, 90000.0]
21/04/2019 07:40:10 - vmin 99.9 vmax 100.1
21/04/2019 07:40:10 - ticklocs array([1.e+00, 1.e+01, 1.e+02, 1.e+03, 1.e+04])
21/04/2019 07:40:10 - vmin 99.9 vmax 100.1
21/04/2019 07:40:10 - ticklocs [2.0, 3.0, 4.0, 5.0, 6.0, 7.0, 8.0, 9.0, 20.0, 30.0, 40.0, 50.0, 60.0, 70.0, 80.0, 90.0, 200.0, 300.0, 400.0, 500.0, 600.0, 700.0, 800.0, 900.0, 2000.0, 3000.0, 4000.0, 5000.0, 6000.0, 7000.0, 8000.0, 9000.0, 20000.0, 30000.0, 40000.0, 50000.0, 60000.0, 70000.0, 80000.0, 90000.0]
/home/david/vp368cpu/lib/python3.6/site-packages/matplotlib/axes/_axes.py:6575: RuntimeWarning: All-NaN slice encountered
  xmin = min(xmin, np.nanmin(xi))
/home/david/vp368cpu/lib/python3.6/site-packages/matplotlib/axes/_axes.py:6576: RuntimeWarning: All-NaN slice encountered
  xmax = max(xmax, np.nanmax(xi))
TF version 1.13.1
original shape:    (3259296, 4)
transformed shape: (3259296, 2)
original shape:    (3259296, 6)
transformed shape: (3259296, 2)
_________________________________________________________________
Layer (type)                 Output Shape              Param #   
=================================================================
gaussian_noise_1 (GaussianNo (None, 12)                0         
_________________________________________________________________
dense_1 (Dense)              (None, 33)                429       
_________________________________________________________________
dense_2 (Dense)              (None, 11)                374       
_________________________________________________________________
dense_3 (Dense)              (None, 1)                 12        
=================================================================
Total params: 815
Trainable params: 815
Non-trainable params: 0
_________________________________________________________________

....................................................................................................
....................................................................................................
....................................................................................................
....................................................................................................dict_keys(['val_loss', 'val_mean_squared_error', 'loss', 'mean_squared_error'])

..........Testing set Mean Squared Error:   nan sfcprcp
Traceback (most recent call last):
  File "/home/david/git-repos/ann_training/main_ann_21.py", line 260, in <module>
    main()
  File "/home/david/git-repos/ann_training/main_ann_21.py", line 100, in main
    Retrieval.autoExecReg()
  File "/home/david/git-repos/ann_training/src/training_ann_21.py", line 448, in autoExecReg
    plt.hist(error, bins=25)
  File "/home/david/vp368cpu/lib/python3.6/site-packages/matplotlib/pyplot.py", line 2659, in hist
    **({"data": data} if data is not None else {}), **kwargs)
  File "/home/david/vp368cpu/lib/python3.6/site-packages/matplotlib/__init__.py", line 1810, in inner
    return func(ax, *args, **kwargs)
  File "/home/david/vp368cpu/lib/python3.6/site-packages/matplotlib/axes/_axes.py", line 6591, in hist
    m, bins = np.histogram(x[i], bins, weights=w[i], **hist_kwargs)
  File "/home/david/vp368cpu/lib/python3.6/site-packages/numpy/lib/histograms.py", line 780, in histogram
    bin_edges, uniform_bins = _get_bin_edges(a, bins, range, weights)
  File "/home/david/vp368cpu/lib/python3.6/site-packages/numpy/lib/histograms.py", line 417, in _get_bin_edges
    first_edge, last_edge = _get_outer_edges(a, range)
  File "/home/david/vp368cpu/lib/python3.6/site-packages/numpy/lib/histograms.py", line 304, in _get_outer_edges
    'max must be larger than min in range parameter.')
ValueError: max must be larger than min in range parameter.

real	38m52.986s
user	73m7.051s
sys	12m16.583s
