Running on host node004
Time is Qua Abr 17 14:13:26 -03 2019
Directory is /home/david/git-repos/ann_training
Slurm job ID is 5365
This job runs on the following machines:
node004
Running /home/david/vp368cpu/bin/python /home/david/git-repos/ann_training/main_ann_11.py
Using TensorFlow backend.
WARNING:tensorflow:From /home/david/vp368cpu/lib/python3.6/site-packages/tensorflow/python/framework/op_def_library.py:263: colocate_with (from tensorflow.python.framework.ops) is deprecated and will be removed in a future version.
Instructions for updating:
Colocations handled automatically by placer.
17/04/2019 14:13:47 - From /home/david/vp368cpu/lib/python3.6/site-packages/tensorflow/python/framework/op_def_library.py:263: colocate_with (from tensorflow.python.framework.ops) is deprecated and will be removed in a future version.
Instructions for updating:
Colocations handled automatically by placer.
WARNING:tensorflow:From /home/david/vp368cpu/lib/python3.6/site-packages/tensorflow/python/ops/math_ops.py:3066: to_int32 (from tensorflow.python.ops.math_ops) is deprecated and will be removed in a future version.
Instructions for updating:
Use tf.cast instead.
17/04/2019 14:13:48 - From /home/david/vp368cpu/lib/python3.6/site-packages/tensorflow/python/ops/math_ops.py:3066: to_int32 (from tensorflow.python.ops.math_ops) is deprecated and will be removed in a future version.
Instructions for updating:
Use tf.cast instead.
2019-04-17 14:13:48.422250: I tensorflow/core/platform/profile_utils/cpu_utils.cc:94] CPU Frequency: 2200180000 Hz
2019-04-17 14:13:48.423426: I tensorflow/compiler/xla/service/service.cc:150] XLA service 0x53d44f0 executing computations on platform Host. Devices:
2019-04-17 14:13:48.423485: I tensorflow/compiler/xla/service/service.cc:158]   StreamExecutor device (0): <undefined>, <undefined>
TF version 1.13.1

....................................................................................................
....................................................................................................
....................................................................................................
....................................................................................................
....................................................................................................
....................................................................................................
....................................................................................................
....................................................................................................
....................................................................................................
....................................................................................................dict_keys(['val_loss', 'val_acc', 'loss', 'acc'])
Saved model to disk
Time passed: 5hour:51min:34sec

real	351m56.038s
user	715m0.384s
sys	113m40.307s
