Running on host node009
Time is Tue Apr 16 15:23:23 -03 2019
Directory is /home/david/git-repos/ann_training
Slurm job ID is 40591
This job runs on the following machines:
node009
Running /home/david/venv366tfcpu/bin/python /home/david/git-repos/ann_training/main_ann_1.py
Using TensorFlow backend.
16/04/2019 15:24:24 - update_title_pos
16/04/2019 15:24:24 - findfont: Matching :family=sans-serif:style=normal:variant=normal:weight=normal:stretch=normal:size=10.0 to DejaVu Sans ('/home/david/venv366tfcpu/lib/python3.6/site-packages/matplotlib/mpl-data/fonts/ttf/DejaVuSans.ttf') with score of 0.050000.
16/04/2019 15:24:24 - update_title_pos
16/04/2019 15:24:28 - update_title_pos
16/04/2019 15:24:28 - update_title_pos
WARNING:tensorflow:From /home/david/venv366tfcpu/lib/python3.6/site-packages/tensorflow/python/ops/control_flow_ops.py:423: colocate_with (from tensorflow.python.framework.ops) is deprecated and will be removed in a future version.
Instructions for updating:
Colocations handled automatically by placer.
16/04/2019 15:24:34 - From /home/david/venv366tfcpu/lib/python3.6/site-packages/tensorflow/python/ops/control_flow_ops.py:423: colocate_with (from tensorflow.python.framework.ops) is deprecated and will be removed in a future version.
Instructions for updating:
Colocations handled automatically by placer.
WARNING:tensorflow:From /home/david/venv366tfcpu/lib/python3.6/site-packages/tensorflow/python/ops/math_ops.py:3066: to_int32 (from tensorflow.python.ops.math_ops) is deprecated and will be removed in a future version.
Instructions for updating:
Use tf.cast instead.
16/04/2019 15:24:34 - From /home/david/venv366tfcpu/lib/python3.6/site-packages/tensorflow/python/ops/math_ops.py:3066: to_int32 (from tensorflow.python.ops.math_ops) is deprecated and will be removed in a future version.
Instructions for updating:
Use tf.cast instead.
2019-04-16 15:24:34.563304: I tensorflow/core/platform/profile_utils/cpu_utils.cc:94] CPU Frequency: 2199835000 Hz
2019-04-16 15:24:34.565022: I tensorflow/compiler/xla/service/service.cc:150] XLA service 0x579d08c0 executing computations on platform Host. Devices:
2019-04-16 15:24:34.565057: I tensorflow/compiler/xla/service/service.cc:158]   StreamExecutor device (0): <undefined>, <undefined>
16/04/2019 17:19:14 - update_title_pos
16/04/2019 17:19:14 - findfont: Matching :family=STIXGeneral:style=normal:variant=normal:weight=normal:stretch=normal:size=10.0 to STIXGeneral ('/home/david/venv366tfcpu/lib/python3.6/site-packages/matplotlib/mpl-data/fonts/ttf/STIXGeneral.ttf') with score of 0.050000.
16/04/2019 17:19:14 - findfont: Matching :family=STIXGeneral:style=italic:variant=normal:weight=normal:stretch=normal:size=10.0 to STIXGeneral ('/home/david/venv366tfcpu/lib/python3.6/site-packages/matplotlib/mpl-data/fonts/ttf/STIXGeneralItalic.ttf') with score of 0.050000.
16/04/2019 17:19:14 - findfont: Matching :family=STIXGeneral:style=normal:variant=normal:weight=bold:stretch=normal:size=10.0 to STIXGeneral ('/home/david/venv366tfcpu/lib/python3.6/site-packages/matplotlib/mpl-data/fonts/ttf/STIXGeneralBol.ttf') with score of 0.000000.
16/04/2019 17:19:14 - findfont: Matching :family=STIXNonUnicode:style=normal:variant=normal:weight=normal:stretch=normal:size=10.0 to STIXNonUnicode ('/home/david/venv366tfcpu/lib/python3.6/site-packages/matplotlib/mpl-data/fonts/ttf/STIXNonUni.ttf') with score of 0.050000.
16/04/2019 17:19:14 - findfont: Matching :family=STIXNonUnicode:style=italic:variant=normal:weight=normal:stretch=normal:size=10.0 to STIXNonUnicode ('/home/david/venv366tfcpu/lib/python3.6/site-packages/matplotlib/mpl-data/fonts/ttf/STIXNonUniIta.ttf') with score of 0.050000.
16/04/2019 17:19:14 - findfont: Matching :family=STIXNonUnicode:style=normal:variant=normal:weight=bold:stretch=normal:size=10.0 to STIXNonUnicode ('/home/david/venv366tfcpu/lib/python3.6/site-packages/matplotlib/mpl-data/fonts/ttf/STIXNonUniBol.ttf') with score of 0.000000.
16/04/2019 17:19:14 - findfont: Matching :family=STIXSizeOneSym:style=normal:variant=normal:weight=normal:stretch=normal:size=10.0 to STIXSizeOneSym ('/home/david/venv366tfcpu/lib/python3.6/site-packages/matplotlib/mpl-data/fonts/ttf/STIXSizOneSymReg.ttf') with score of 0.050000.
16/04/2019 17:19:14 - findfont: Matching :family=STIXSizeTwoSym:style=normal:variant=normal:weight=normal:stretch=normal:size=10.0 to STIXSizeTwoSym ('/home/david/venv366tfcpu/lib/python3.6/site-packages/matplotlib/mpl-data/fonts/ttf/STIXSizTwoSymReg.ttf') with score of 0.050000.
16/04/2019 17:19:14 - findfont: Matching :family=STIXSizeThreeSym:style=normal:variant=normal:weight=normal:stretch=normal:size=10.0 to STIXSizeThreeSym ('/home/david/venv366tfcpu/lib/python3.6/site-packages/matplotlib/mpl-data/fonts/ttf/STIXSizThreeSymReg.ttf') with score of 0.050000.
16/04/2019 17:19:14 - findfont: Matching :family=STIXSizeFourSym:style=normal:variant=normal:weight=normal:stretch=normal:size=10.0 to STIXSizeFourSym ('/home/david/venv366tfcpu/lib/python3.6/site-packages/matplotlib/mpl-data/fonts/ttf/STIXSizFourSymReg.ttf') with score of 0.050000.
16/04/2019 17:19:14 - findfont: Matching :family=STIXSizeFiveSym:style=normal:variant=normal:weight=normal:stretch=normal:size=10.0 to STIXSizeFiveSym ('/home/david/venv366tfcpu/lib/python3.6/site-packages/matplotlib/mpl-data/fonts/ttf/STIXSizFiveSymReg.ttf') with score of 0.050000.
16/04/2019 17:19:14 - findfont: Matching :family=cmsy10:style=normal:variant=normal:weight=normal:stretch=normal:size=10.0 to cmsy10 ('/home/david/venv366tfcpu/lib/python3.6/site-packages/matplotlib/mpl-data/fonts/ttf/cmsy10.ttf') with score of 0.050000.
16/04/2019 17:19:14 - findfont: Matching :family=cmr10:style=normal:variant=normal:weight=normal:stretch=normal:size=10.0 to cmr10 ('/home/david/venv366tfcpu/lib/python3.6/site-packages/matplotlib/mpl-data/fonts/ttf/cmr10.ttf') with score of 0.050000.
16/04/2019 17:19:14 - findfont: Matching :family=cmtt10:style=normal:variant=normal:weight=normal:stretch=normal:size=10.0 to cmtt10 ('/home/david/venv366tfcpu/lib/python3.6/site-packages/matplotlib/mpl-data/fonts/ttf/cmtt10.ttf') with score of 0.050000.
16/04/2019 17:19:14 - findfont: Matching :family=cmmi10:style=normal:variant=normal:weight=normal:stretch=normal:size=10.0 to cmmi10 ('/home/david/venv366tfcpu/lib/python3.6/site-packages/matplotlib/mpl-data/fonts/ttf/cmmi10.ttf') with score of 0.050000.
16/04/2019 17:19:14 - findfont: Matching :family=cmb10:style=normal:variant=normal:weight=normal:stretch=normal:size=10.0 to cmb10 ('/home/david/venv366tfcpu/lib/python3.6/site-packages/matplotlib/mpl-data/fonts/ttf/cmb10.ttf') with score of 0.050000.
16/04/2019 17:19:14 - findfont: Matching :family=cmss10:style=normal:variant=normal:weight=normal:stretch=normal:size=10.0 to cmss10 ('/home/david/venv366tfcpu/lib/python3.6/site-packages/matplotlib/mpl-data/fonts/ttf/cmss10.ttf') with score of 0.050000.
16/04/2019 17:19:14 - findfont: Matching :family=cmex10:style=normal:variant=normal:weight=normal:stretch=normal:size=10.0 to cmex10 ('/home/david/venv366tfcpu/lib/python3.6/site-packages/matplotlib/mpl-data/fonts/ttf/cmex10.ttf') with score of 0.050000.
16/04/2019 17:19:14 - findfont: Matching :family=DejaVu Sans:style=normal:variant=normal:weight=normal:stretch=normal:size=10.0 to DejaVu Sans ('/home/david/venv366tfcpu/lib/python3.6/site-packages/matplotlib/mpl-data/fonts/ttf/DejaVuSans.ttf') with score of 0.050000.
16/04/2019 17:19:14 - findfont: Matching :family=DejaVu Sans:style=italic:variant=normal:weight=normal:stretch=normal:size=10.0 to DejaVu Sans ('/home/david/venv366tfcpu/lib/python3.6/site-packages/matplotlib/mpl-data/fonts/ttf/DejaVuSans-Oblique.ttf') with score of 0.150000.
16/04/2019 17:19:14 - findfont: Matching :family=DejaVu Sans:style=normal:variant=normal:weight=bold:stretch=normal:size=10.0 to DejaVu Sans ('/home/david/venv366tfcpu/lib/python3.6/site-packages/matplotlib/mpl-data/fonts/ttf/DejaVuSans-Bold.ttf') with score of 0.000000.
16/04/2019 17:19:14 - findfont: Matching :family=DejaVu Sans Mono:style=normal:variant=normal:weight=normal:stretch=normal:size=10.0 to DejaVu Sans Mono ('/home/david/venv366tfcpu/lib/python3.6/site-packages/matplotlib/mpl-data/fonts/ttf/DejaVuSansMono.ttf') with score of 0.050000.
16/04/2019 17:19:14 - findfont: Matching :family=DejaVu Sans Display:style=normal:variant=normal:weight=normal:stretch=normal:size=10.0 to DejaVu Sans Display ('/home/david/venv366tfcpu/lib/python3.6/site-packages/matplotlib/mpl-data/fonts/ttf/DejaVuSansDisplay.ttf') with score of 0.050000.
16/04/2019 17:19:15 - update_title_pos
16/04/2019 17:23:42 - update_title_pos
16/04/2019 17:23:42 - update_title_pos
16/04/2019 17:23:43 - update_title_pos
16/04/2019 17:23:44 - update_title_pos
16/04/2019 17:23:44 - update_title_pos
16/04/2019 17:23:44 - vmin 0.14655354356085504 vmax 137.00521674293415
16/04/2019 17:23:44 - ticklocs array([1.e-02, 1.e-01, 1.e+00, 1.e+01, 1.e+02, 1.e+03, 1.e+04])
16/04/2019 17:23:44 - vmin 0.14655354356085504 vmax 137.00521674293415
16/04/2019 17:23:44 - ticklocs [0.02, 0.03, 0.04, 0.05, 0.06, 0.07, 0.08, 0.09, 0.2, 0.30000000000000004, 0.4, 0.5, 0.6000000000000001, 0.7000000000000001, 0.8, 0.9, 2.0, 3.0, 4.0, 5.0, 6.0, 7.0, 8.0, 9.0, 20.0, 30.0, 40.0, 50.0, 60.0, 70.0, 80.0, 90.0, 200.0, 300.0, 400.0, 500.0, 600.0, 700.0, 800.0, 900.0, 2000.0, 3000.0, 4000.0, 5000.0, 6000.0, 7000.0, 8000.0, 9000.0, 20000.0, 30000.0, 40000.0, 50000.0, 60000.0, 70000.0, 80000.0, 90000.0]
16/04/2019 17:23:44 - vmin 0.14655354356085504 vmax 137.00521674293415
16/04/2019 17:23:44 - ticklocs array([1.e-02, 1.e-01, 1.e+00, 1.e+01, 1.e+02, 1.e+03, 1.e+04])
16/04/2019 17:23:44 - vmin 0.14655354356085504 vmax 137.00521674293415
16/04/2019 17:23:44 - ticklocs [0.02, 0.03, 0.04, 0.05, 0.06, 0.07, 0.08, 0.09, 0.2, 0.30000000000000004, 0.4, 0.5, 0.6000000000000001, 0.7000000000000001, 0.8, 0.9, 2.0, 3.0, 4.0, 5.0, 6.0, 7.0, 8.0, 9.0, 20.0, 30.0, 40.0, 50.0, 60.0, 70.0, 80.0, 90.0, 200.0, 300.0, 400.0, 500.0, 600.0, 700.0, 800.0, 900.0, 2000.0, 3000.0, 4000.0, 5000.0, 6000.0, 7000.0, 8000.0, 9000.0, 20000.0, 30000.0, 40000.0, 50000.0, 60000.0, 70000.0, 80000.0, 90000.0]
16/04/2019 17:23:44 - vmin 0.001561749306641389 vmax 169.38527413918834
16/04/2019 17:23:44 - ticklocs array([1.e-04, 1.e-03, 1.e-02, 1.e-01, 1.e+00, 1.e+01, 1.e+02, 1.e+03,
       1.e+04])
16/04/2019 17:23:44 - vmin 0.001561749306641389 vmax 169.38527413918834
16/04/2019 17:23:44 - ticklocs [0.0002, 0.00030000000000000003, 0.0004, 0.0005, 0.0006000000000000001, 0.0007, 0.0008, 0.0009000000000000001, 0.002, 0.003, 0.004, 0.005, 0.006, 0.007, 0.008, 0.009000000000000001, 0.02, 0.03, 0.04, 0.05, 0.06, 0.07, 0.08, 0.09, 0.2, 0.30000000000000004, 0.4, 0.5, 0.6000000000000001, 0.7000000000000001, 0.8, 0.9, 2.0, 3.0, 4.0, 5.0, 6.0, 7.0, 8.0, 9.0, 20.0, 30.0, 40.0, 50.0, 60.0, 70.0, 80.0, 90.0, 200.0, 300.0, 400.0, 500.0, 600.0, 700.0, 800.0, 900.0, 2000.0, 3000.0, 4000.0, 5000.0, 6000.0, 7000.0, 8000.0, 9000.0, 20000.0, 30000.0, 40000.0, 50000.0, 60000.0, 70000.0, 80000.0, 90000.0]
16/04/2019 17:23:44 - vmin 0.001561749306641389 vmax 169.38527413918834
16/04/2019 17:23:44 - ticklocs array([1.e-04, 1.e-03, 1.e-02, 1.e-01, 1.e+00, 1.e+01, 1.e+02, 1.e+03,
       1.e+04])
16/04/2019 17:23:44 - vmin 0.001561749306641389 vmax 169.38527413918834
16/04/2019 17:23:44 - ticklocs [0.0002, 0.00030000000000000003, 0.0004, 0.0005, 0.0006000000000000001, 0.0007, 0.0008, 0.0009000000000000001, 0.002, 0.003, 0.004, 0.005, 0.006, 0.007, 0.008, 0.009000000000000001, 0.02, 0.03, 0.04, 0.05, 0.06, 0.07, 0.08, 0.09, 0.2, 0.30000000000000004, 0.4, 0.5, 0.6000000000000001, 0.7000000000000001, 0.8, 0.9, 2.0, 3.0, 4.0, 5.0, 6.0, 7.0, 8.0, 9.0, 20.0, 30.0, 40.0, 50.0, 60.0, 70.0, 80.0, 90.0, 200.0, 300.0, 400.0, 500.0, 600.0, 700.0, 800.0, 900.0, 2000.0, 3000.0, 4000.0, 5000.0, 6000.0, 7000.0, 8000.0, 9000.0, 20000.0, 30000.0, 40000.0, 50000.0, 60000.0, 70000.0, 80000.0, 90000.0]
16/04/2019 17:23:44 - update_title_pos
16/04/2019 17:23:44 - vmin 0.14655354356085504 vmax 137.00521674293415
16/04/2019 17:23:44 - ticklocs array([1.e-02, 1.e-01, 1.e+00, 1.e+01, 1.e+02, 1.e+03, 1.e+04])
16/04/2019 17:23:44 - vmin 0.14655354356085504 vmax 137.00521674293415
16/04/2019 17:23:44 - ticklocs [0.02, 0.03, 0.04, 0.05, 0.06, 0.07, 0.08, 0.09, 0.2, 0.30000000000000004, 0.4, 0.5, 0.6000000000000001, 0.7000000000000001, 0.8, 0.9, 2.0, 3.0, 4.0, 5.0, 6.0, 7.0, 8.0, 9.0, 20.0, 30.0, 40.0, 50.0, 60.0, 70.0, 80.0, 90.0, 200.0, 300.0, 400.0, 500.0, 600.0, 700.0, 800.0, 900.0, 2000.0, 3000.0, 4000.0, 5000.0, 6000.0, 7000.0, 8000.0, 9000.0, 20000.0, 30000.0, 40000.0, 50000.0, 60000.0, 70000.0, 80000.0, 90000.0]
16/04/2019 17:23:44 - vmin 0.14655354356085504 vmax 137.00521674293415
16/04/2019 17:23:44 - ticklocs array([1.e-02, 1.e-01, 1.e+00, 1.e+01, 1.e+02, 1.e+03, 1.e+04])
16/04/2019 17:23:44 - vmin 0.14655354356085504 vmax 137.00521674293415
16/04/2019 17:23:44 - ticklocs [0.02, 0.03, 0.04, 0.05, 0.06, 0.07, 0.08, 0.09, 0.2, 0.30000000000000004, 0.4, 0.5, 0.6000000000000001, 0.7000000000000001, 0.8, 0.9, 2.0, 3.0, 4.0, 5.0, 6.0, 7.0, 8.0, 9.0, 20.0, 30.0, 40.0, 50.0, 60.0, 70.0, 80.0, 90.0, 200.0, 300.0, 400.0, 500.0, 600.0, 700.0, 800.0, 900.0, 2000.0, 3000.0, 4000.0, 5000.0, 6000.0, 7000.0, 8000.0, 9000.0, 20000.0, 30000.0, 40000.0, 50000.0, 60000.0, 70000.0, 80000.0, 90000.0]
16/04/2019 17:23:44 - vmin 0.001561749306641389 vmax 169.38527413918834
16/04/2019 17:23:44 - ticklocs array([1.e-04, 1.e-03, 1.e-02, 1.e-01, 1.e+00, 1.e+01, 1.e+02, 1.e+03,
       1.e+04])
16/04/2019 17:23:44 - vmin 0.001561749306641389 vmax 169.38527413918834
16/04/2019 17:23:44 - ticklocs [0.0002, 0.00030000000000000003, 0.0004, 0.0005, 0.0006000000000000001, 0.0007, 0.0008, 0.0009000000000000001, 0.002, 0.003, 0.004, 0.005, 0.006, 0.007, 0.008, 0.009000000000000001, 0.02, 0.03, 0.04, 0.05, 0.06, 0.07, 0.08, 0.09, 0.2, 0.30000000000000004, 0.4, 0.5, 0.6000000000000001, 0.7000000000000001, 0.8, 0.9, 2.0, 3.0, 4.0, 5.0, 6.0, 7.0, 8.0, 9.0, 20.0, 30.0, 40.0, 50.0, 60.0, 70.0, 80.0, 90.0, 200.0, 300.0, 400.0, 500.0, 600.0, 700.0, 800.0, 900.0, 2000.0, 3000.0, 4000.0, 5000.0, 6000.0, 7000.0, 8000.0, 9000.0, 20000.0, 30000.0, 40000.0, 50000.0, 60000.0, 70000.0, 80000.0, 90000.0]
16/04/2019 17:23:44 - vmin 0.001561749306641389 vmax 169.38527413918834
16/04/2019 17:23:44 - ticklocs array([1.e-04, 1.e-03, 1.e-02, 1.e-01, 1.e+00, 1.e+01, 1.e+02, 1.e+03,
       1.e+04])
16/04/2019 17:23:44 - vmin 0.001561749306641389 vmax 169.38527413918834
16/04/2019 17:23:44 - ticklocs [0.0002, 0.00030000000000000003, 0.0004, 0.0005, 0.0006000000000000001, 0.0007, 0.0008, 0.0009000000000000001, 0.002, 0.003, 0.004, 0.005, 0.006, 0.007, 0.008, 0.009000000000000001, 0.02, 0.03, 0.04, 0.05, 0.06, 0.07, 0.08, 0.09, 0.2, 0.30000000000000004, 0.4, 0.5, 0.6000000000000001, 0.7000000000000001, 0.8, 0.9, 2.0, 3.0, 4.0, 5.0, 6.0, 7.0, 8.0, 9.0, 20.0, 30.0, 40.0, 50.0, 60.0, 70.0, 80.0, 90.0, 200.0, 300.0, 400.0, 500.0, 600.0, 700.0, 800.0, 900.0, 2000.0, 3000.0, 4000.0, 5000.0, 6000.0, 7000.0, 8000.0, 9000.0, 20000.0, 30000.0, 40000.0, 50000.0, 60000.0, 70000.0, 80000.0, 90000.0]
16/04/2019 17:23:45 - update_title_pos
16/04/2019 17:23:45 - update_title_pos
16/04/2019 17:23:45 - locator: <matplotlib.colorbar._ColorbarAutoLocator object at 0x2aacbb7361d0>
16/04/2019 17:23:45 - Using auto colorbar locator on colorbar
16/04/2019 17:23:45 - locator: <matplotlib.colorbar._ColorbarAutoLocator object at 0x2aacbb7361d0>
16/04/2019 17:23:45 - Setting pcolormesh
16/04/2019 17:23:45 - update_title_pos
16/04/2019 17:23:45 - update_title_pos
16/04/2019 17:23:45 - update_title_pos
16/04/2019 17:23:45 - update_title_pos
TF version 1.13.1
original shape:    (3603771, 4)
transformed shape: (3603771, 2)
original shape:    (3603771, 6)
transformed shape: (3603771, 2)
_________________________________________________________________
Layer (type)                 Output Shape              Param #   
=================================================================
gaussian_noise_1 (GaussianNo (None, 12)                0         
_________________________________________________________________
dense_1 (Dense)              (None, 24)                312       
_________________________________________________________________
dense_2 (Dense)              (None, 10)                250       
_________________________________________________________________
dense_3 (Dense)              (None, 1)                 11        
=================================================================
Total params: 573
Trainable params: 573
Non-trainable params: 0
_________________________________________________________________

....................................................................................................
....................................................................................................
....................................................................................................
....................................................................................................
....................................................................................................
....................................................................................................
....................................................................................................
....................................................................................................
....................................................................................................
....................................................................................................dict_keys(['val_loss', 'val_mean_absolute_error', 'val_mean_squared_error', 'loss', 'mean_absolute_error', 'mean_squared_error'])

.....................................Testing set Mean Abs Error:  1.19 sfcprcp
converting arrays to text files
Text file saved!
Saved model to disk

real	120m22.671s
user	273m24.519s
sys	40m53.475s
